Logging pc_ModelMunge
15:06:0401/08/17
Mesh: tat1_bldg_arch2
Model arch
Model collision1
Model arch_lowrez
Model shadowvolume4
Root arch
Matrix:
1.000000 0.000000 0.000000 0.000000
0.000000 1.000000 0.000000 0.000000
0.000000 0.000000 1.000000 0.000000
0.000000 0.000000 0.000000 1.000000
Name: shadowvolume4
Parent: arch
Matrix:
1.000000 0.000000 0.000000 0.000000
0.000000 1.000000 0.000000 0.000000
0.000000 0.000000 1.000000 0.000000
0.000000 0.000000 0.000000 1.000000
Name: arch_lowrez
Parent: 
Sibling: shadowvolume4
Matrix:
1.000000 0.000000 0.000000 0.000000
0.000000 1.000000 0.000000 0.000000
0.000000 0.000000 1.000000 0.000000
0.000000 0.000000 0.000000 1.000000
Name: collision1
Parent: 
Sibling: arch_lowrez
Matrix:
1.000000 0.000000 0.000000 0.000000
0.000000 1.000000 0.000000 0.000000
0.000000 0.000000 1.000000 0.000000
0.000000 0.000000 0.000000 1.000000
Mesh: tat1_bldg_arch_tri
Model arch_tri
Model path
Root arch_tri
Matrix:
1.000000 0.000000 0.000000 0.000000
0.000000 1.000000 0.000000 0.000000
0.000000 0.000000 1.000000 0.000000
0.000000 0.000000 0.000000 1.000000
Name: path
Parent: arch_tri
Matrix:
1.000000 0.000000 0.000000 0.000000
0.000000 1.000000 0.000000 0.000000
0.000000 0.000000 1.000000 0.000000
0.000000 0.000000 0.000000 1.000000
Mesh: tat1_bldg_pillar
Model tall
Model Polygon_AUTO
Root tall
Matrix:
1.000000 0.000000 0.000000 0.000000
0.000000 1.000000 0.000000 0.000000
0.000000 0.000000 1.000000 0.000000
0.000000 0.000000 0.000000 1.000000
Name: Polygon_AUTO
Parent: tall
Matrix:
1.000000 0.000000 0.000000 0.000000
0.000000 1.000000 0.000000 0.000000
0.000000 0.000000 1.000000 0.000000
0.000000 0.000000 0.000000 1.000000
Mesh: tat1_bldg_pillar2
Model tat1_bldg_pillar2
Model tat1_bldg_pillar2_lowrez
Model collision
Model shadowvolume
Root tat1_bldg_pillar2
Matrix:
1.000000 0.000000 0.000000 0.000000
0.000000 1.000000 0.000000 0.000000
0.000000 0.000000 1.000000 0.000000
0.000000 0.000000 0.000000 1.000000
Name: shadowvolume
Parent: tat1_bldg_pillar2
Matrix:
1.000000 0.000000 0.000000 0.000000
0.000000 1.000000 0.000000 0.000000
0.000000 0.000000 1.000000 0.000000
0.000000 0.000000 0.000000 1.000000
Name: collision
Parent: 
Sibling: shadowvolume
Matrix:
1.000000 0.000000 0.000000 0.000000
0.000000 1.000000 0.000000 0.000000
0.000000 0.000000 1.000000 0.000000
0.000000 0.000000 0.000000 1.000000
Name: tat1_bldg_pillar2_lowrez
Parent: 
Sibling: collision
Matrix:
1.000000 0.000000 0.000000 0.000000
0.000000 1.000000 0.000000 0.000000
0.000000 0.000000 1.000000 0.000000
0.000000 0.000000 0.000000 1.000000
Mesh: tat1_bldg_pillar2_lowrez
Model rock_rubble_pillar2_large
Model shadowvolume
Root rock_rubble_pillar2_large
Matrix:
1.000000 0.000000 0.000000 0.000000
0.000000 1.000000 0.000000 0.000000
0.000000 0.000000 1.000000 0.000000
0.000000 0.000000 0.000000 1.000000
Name: shadowvolume
Parent: rock_rubble_pillar2_large
Matrix:
1.000000 0.000000 0.000000 0.000000
0.000000 1.000000 0.000000 0.000000
0.000000 0.000000 1.000000 0.000000
0.000000 2.778857 0.000000 1.000000
Mesh: tat1_bldg_platform_base
Model platform_base0
Model platform_shack
Model p_collision11
Model platform_tank_pipe20
Model platform_tank_pipe21
Model platform_tank_pipe19
Model platform_tank_pipe18
Model platform_shack_lowrez
Model shadowvolume1
Model platform_tank_l
Model platform_tank_pipe1
Model p_collision33
Model p_collision34
Model platform_tank_pipe2
Model p_collision30
Model platform_tank_pipe3
Model p_collision29
Model p_collision28
Model platform_tank_pipe14
Model p_collision31
Model platform_tank_pipe15
Model p_collision32
Model platform_tank_l_lowrez
Model shadowvolume2
Model platform_tank_s
Model platform_tank_s_lowrez
Model platform_tank_pipe4
Model p_collision36
Model platform_tank_pipe5
Model p_collision37
Model p_collision35
Model shadowvolume3
Model platform_tank_s1
Model p_collision15
Model platform_shack_pole
Model p_collision16
Model platform_shack_pole_lowrez
Model shadowvolume5
Model platform_tank_s1_lowrez
Model shadowvolume4
Model p_collision40
Model platform_base0_lowrez
Model p_collision3
Model p_collision5
Model p_collision6
Model shadowvolume
Root platform_base0
Matrix:
1.000000 0.000000 0.000000 0.000000
0.000000 1.000000 0.000000 0.000000
0.000000 0.000000 1.000000 0.000000
0.000000 0.000000 0.000000 1.000000
Name: shadowvolume
Parent: platform_base0
Matrix:
1.000000 0.000000 0.000000 0.000000
0.000000 1.000000 0.000000 0.000000
0.000000 0.000000 1.000000 0.000000
15.858128 0.927622 7.824401 1.000000
Name: p_collision6
Parent: 
Sibling: shadowvolume
Matrix:
-0.367078 -0.400664 0.839477 0.000000
-0.160579 0.916225 0.367078 0.000000
-0.916225 -0.000056 -0.400664 0.000000
-4.237929 0.000000 10.496821 1.000000
Name: p_collision5
Parent: 
Sibling: p_collision6
Matrix:
-0.567218 -0.400783 -0.719470 0.000000
-0.248248 0.916173 -0.314643 0.000000
0.785262 0.000136 -0.619163 0.000000
-6.727750 0.000000 -8.882980 1.000000
Name: p_collision3
Parent: 
Sibling: p_collision5
Matrix:
0.907602 -0.400648 -0.125455 0.000000
0.396889 0.916232 -0.054759 0.000000
0.136885 -0.000092 0.990587 0.000000
10.934221 0.011320 -1.380201 1.000000
Name: platform_base0_lowrez
Parent: 
Sibling: p_collision3
Matrix:
1.000000 0.000000 0.000000 0.000000
0.000000 1.000000 0.000000 0.000000
0.000000 0.000000 1.000000 0.000000
0.000000 0.000000 0.000000 1.000000
Name: p_collision40
Parent: 
Sibling: platform_base0_lowrez
Matrix:
1.000000 0.000000 0.000000 0.000000
0.000000 1.000000 0.000000 0.000000
0.000000 0.000000 1.000000 0.000000
-0.005708 0.000000 0.034467 1.000000
Name: platform_tank_s1
Parent: 
Sibling: p_collision40
Matrix:
1.000000 0.000000 0.000000 0.000000
0.000000 1.000000 0.000000 0.000000
0.000000 0.000000 1.000000 0.000000
-0.783837 3.193654 -5.649916 1.000000
Name: shadowvolume4
Parent: platform_tank_s1
Matrix:
1.000000 0.000000 0.000000 0.000000
0.000000 1.000000 0.000000 0.000000
0.000000 0.000000 1.000000 0.000000
0.000000 0.006147 0.000000 1.000000
Name: platform_tank_s1_lowrez
Parent: 
Sibling: shadowvolume4
Matrix:
1.000000 0.000000 0.000000 0.000000
0.000000 1.000000 0.000000 0.000000
0.000000 0.000000 1.000000 0.000000
0.000000 0.000000 0.000000 1.000000
Name: platform_shack_pole
Parent: 
Sibling: platform_tank_s1_lowrez
Matrix:
1.000000 0.000000 0.000000 0.000000
0.000000 1.000000 0.000000 0.000000
0.000000 0.000000 1.000000 0.000000
-0.000589 6.021612 -0.000605 1.000000
Name: shadowvolume5
Parent: platform_shack_pole
Matrix:
1.000000 0.000000 0.000000 0.000000
0.000000 1.000000 0.000000 0.000000
0.000000 0.000000 1.000000 0.000000
-0.004295 0.025633 0.059857 1.000000
Name: platform_shack_pole_lowrez
Parent: 
Sibling: shadowvolume5
Matrix:
1.000000 0.000000 0.000000 0.000000
0.000000 1.000000 0.000000 0.000000
0.000000 0.000000 1.000000 0.000000
0.000000 0.000000 0.000000 1.000000
Name: p_collision16
Parent: 
Sibling: platform_shack_pole_lowrez
Matrix:
1.000000 0.000000 0.000000 0.000000
0.000000 1.000000 0.000000 0.000000
0.000000 0.000000 1.000000 0.000000
0.000918 1.589594 0.000377 1.000000
Name: p_collision15
Parent: 
Sibling: platform_shack_pole
Matrix:
1.000000 0.000000 0.000000 0.000000
0.000000 1.000000 0.000000 0.000000
0.000000 0.000000 1.000000 0.000000
0.000953 0.298199 -0.000018 1.000000
Name: platform_tank_s
Parent: 
Sibling: platform_tank_s1
Matrix:
1.000000 0.000000 0.000000 0.000000
0.000000 1.000000 0.000000 0.000000
0.000000 0.000000 1.000000 0.000000
2.101046 4.923617 -6.111714 1.000000
Name: shadowvolume3
Parent: platform_tank_s
Matrix:
1.000000 0.000000 0.000000 0.000000
0.000000 1.000000 0.000000 0.000000
0.000000 0.000000 1.000000 0.000000
0.000000 -0.008253 0.000000 1.000000
Name: p_collision35
Parent: 
Sibling: shadowvolume3
Matrix:
1.000000 0.000000 0.000000 0.000000
0.000000 1.000000 0.000000 0.000000
0.000000 0.000000 1.000000 0.000000
0.001740 -0.555856 0.001180 1.000000
Name: platform_tank_pipe5
Parent: 
Sibling: p_collision35
Matrix:
0.364185 0.000000 0.931327 0.000000
0.000000 1.000000 0.000000 0.000000
-0.931327 0.000000 0.364185 0.000000
0.631375 -2.242909 -0.256064 1.000000
Name: p_collision37
Parent: platform_tank_pipe5
Matrix:
-1.000000 0.000000 0.000000 0.000000
0.000000 1.000000 0.000000 0.000000
0.000000 0.000000 -1.000000 0.000000
0.000101 0.260506 0.095289 1.000000
Name: platform_tank_pipe4
Parent: 
Sibling: platform_tank_pipe5
Matrix:
-0.916065 0.000000 0.401030 0.000000
0.000000 1.000000 0.000000 0.000000
-0.401030 0.000000 -0.916065 0.000000
0.253699 -2.236243 0.638897 1.000000
Name: p_collision36
Parent: platform_tank_pipe4
Matrix:
-0.999801 0.000000 -0.019940 0.000000
0.000000 1.000000 0.000000 0.000000
0.019940 0.000000 -0.999801 0.000000
-0.000207 0.253839 0.092257 1.000000
Name: platform_tank_s_lowrez
Parent: 
Sibling: platform_tank_pipe4
Matrix:
1.000000 0.000000 0.000000 0.000000
0.000000 1.000000 0.000000 0.000000
0.000000 0.000000 1.000000 0.000000
0.000000 0.000000 0.000000 1.000000
Name: platform_tank_l
Parent: 
Sibling: platform_tank_s
Matrix:
1.000000 0.000000 0.000000 0.000000
0.000000 1.000000 0.000000 0.000000
0.000000 0.000000 1.000000 0.000000
0.101046 5.923617 -4.111714 1.000000
Name: shadowvolume2
Parent: platform_tank_l
Matrix:
1.000000 0.000000 0.000000 0.000000
0.000000 1.000000 0.000000 0.000000
0.000000 0.000000 1.000000 0.000000
0.000000 0.009803 -0.000000 1.000000
Name: platform_tank_l_lowrez
Parent: 
Sibling: shadowvolume2
Matrix:
1.000000 0.000000 0.000000 0.000000
0.000000 1.000000 0.000000 0.000000
0.000000 0.000000 1.000000 0.000000
0.000000 0.000000 0.000000 1.000000
Name: platform_tank_pipe15
Parent: 
Sibling: platform_tank_l_lowrez
Matrix:
0.382684 0.000000 0.923879 0.000000
0.000000 1.000000 0.000000 0.000000
-0.923879 0.000000 0.382684 0.000000
0.927941 -3.260011 -0.583485 1.000000
Name: p_collision32
Parent: platform_tank_pipe15
Matrix:
-0.999801 0.000000 -0.019940 0.000000
0.000000 1.000000 0.000000 0.000000
0.019940 0.000000 -0.999801 0.000000
-0.001362 0.270135 0.092868 1.000000
Name: platform_tank_pipe14
Parent: 
Sibling: platform_tank_pipe15
Matrix:
0.382684 0.000000 0.923879 0.000000
0.000000 1.000000 0.000000 0.000000
-0.923879 0.000000 0.382684 0.000000
1.055806 -3.260011 -0.258446 1.000000
Name: p_collision31
Parent: platform_tank_pipe14
Matrix:
-0.999801 0.000000 -0.019940 0.000000
0.000000 1.000000 0.000000 0.000000
0.019940 0.000000 -0.999801 0.000000
-0.002371 0.270135 0.093451 1.000000
Name: p_collision28
Parent: 
Sibling: platform_tank_pipe14
Matrix:
1.000000 0.000000 0.000000 0.000000
0.000000 1.000000 0.000000 0.000000
0.000000 0.000000 1.000000 0.000000
0.001849 0.737746 0.001037 1.000000
Name: platform_tank_pipe3
Parent: 
Sibling: p_collision28
Matrix:
-0.916065 0.000000 0.401030 0.000000
0.000000 1.000000 0.000000 0.000000
-0.401030 0.000000 -0.916065 0.000000
0.249737 -3.238655 1.080841 1.000000
Name: p_collision29
Parent: platform_tank_pipe3
Matrix:
-0.999801 0.000000 -0.019940 0.000000
0.000000 1.000000 0.000000 0.000000
0.019940 0.000000 -0.999801 0.000000
-0.001557 0.248780 0.091432 1.000000
Name: platform_tank_pipe2
Parent: 
Sibling: platform_tank_pipe3
Matrix:
-0.916065 0.000000 0.401030 0.000000
0.000000 1.000000 0.000000 0.000000
-0.401030 0.000000 -0.916065 0.000000
0.572204 -3.238655 0.946619 1.000000
Name: p_collision30
Parent: platform_tank_pipe2
Matrix:
-0.999801 0.000000 -0.019940 0.000000
0.000000 1.000000 0.000000 0.000000
0.019940 0.000000 -0.999801 0.000000
-0.002380 0.248780 0.090813 1.000000
Name: platform_tank_pipe1
Parent: 
Sibling: platform_tank_pipe2
Matrix:
-0.923880 0.000000 -0.382683 0.000000
0.000000 1.000000 0.000000 0.000000
0.382683 0.000000 -0.923880 0.000000
-0.689219 -2.717569 1.722695 1.000000
Name: p_collision34
Parent: platform_tank_pipe1
Matrix:
-1.000000 0.000000 0.000000 0.000000
0.000000 0.000000 1.000000 0.000000
0.000000 1.000000 -0.000000 0.000000
0.002019 1.060751 0.565277 1.000000
Name: p_collision33
Parent: 
Sibling: p_collision34
Matrix:
-1.000000 0.000000 0.000000 0.000000
0.000000 1.000000 0.000000 0.000000
0.000000 0.000000 -1.000000 0.000000
0.002019 0.118956 0.000883 1.000000
Name: platform_shack
Parent: 
Sibling: platform_tank_l
Matrix:
1.000000 0.000000 0.000000 0.000000
0.000000 1.000000 0.000000 0.000000
0.000000 0.000000 1.000000 0.000000
-4.879032 4.290135 0.888286 1.000000
Name: shadowvolume1
Parent: platform_shack
Matrix:
1.000000 0.000000 0.000000 0.000000
0.000000 1.000000 0.000000 0.000000
0.000000 0.000000 1.000000 0.000000
0.000000 0.001387 0.059857 1.000000
Name: platform_shack_lowrez
Parent: 
Sibling: shadowvolume1
Matrix:
1.000000 0.000000 0.000000 0.000000
0.000000 1.000000 0.000000 0.000000
0.000000 0.000000 1.000000 0.000000
0.000000 0.000000 0.000000 1.000000
Name: platform_tank_pipe18
Parent: 
Sibling: platform_shack_lowrez
Matrix:
-1.000000 0.000000 0.000000 0.000000
0.000000 1.000000 0.000000 0.000000
0.000000 0.000000 -1.000000 0.000000
0.788729 -0.997990 2.879928 1.000000
Name: platform_tank_pipe19
Parent: 
Sibling: platform_tank_pipe18
Matrix:
-1.000000 0.000000 0.000000 0.000000
0.000000 1.000000 0.000000 0.000000
0.000000 0.000000 -1.000000 0.000000
-0.791206 -0.997990 2.879928 1.000000
Name: platform_tank_pipe21
Parent: 
Sibling: platform_tank_pipe19
Matrix:
1.000000 0.000000 0.000000 0.000000
0.000000 1.000000 0.000000 0.000000
0.000000 0.000000 1.000000 0.000000
-0.791206 -0.997990 -2.670200 1.000000
Name: platform_tank_pipe20
Parent: 
Sibling: platform_tank_pipe21
Matrix:
1.000000 0.000000 0.000000 0.000000
0.000000 1.000000 0.000000 0.000000
0.000000 0.000000 1.000000 0.000000
0.793891 -0.997990 -2.670200 1.000000
Name: p_collision11
Parent: 
Sibling: platform_tank_pipe20
Matrix:
0.000000 0.000000 1.000000 0.000000
0.000000 1.000000 0.000000 0.000000
-1.000000 0.000000 0.000000 0.000000
-0.000791 0.020906 -0.000158 1.000000
Mesh: tat1_bldg_platform_base_underground
Model platform_base1
Model p_collision27
Model platform_base1_lowrez
Model shadowvolume8
Root platform_base1
Matrix:
1.000000 0.000000 0.000000 0.000000
0.000000 1.000000 0.000000 0.000000
0.000000 0.000000 1.000000 0.000000
0.000000 0.000000 0.000000 1.000000
Name: shadowvolume8
Parent: platform_base1
Matrix:
1.000000 0.000000 0.000000 0.000000
0.000000 1.000000 0.000000 0.000000
0.000000 0.000000 1.000000 0.000000
0.000000 0.000000 -0.000110 1.000000
Name: platform_base1_lowrez
Parent: 
Sibling: shadowvolume8
Matrix:
1.000000 0.000000 0.000000 0.000000
0.000000 1.000000 0.000000 0.000000
0.000000 0.000000 1.000000 0.000000
0.000000 0.000000 0.000000 1.000000
Name: p_collision27
Parent: 
Sibling: platform_base1_lowrez
Matrix:
1.000000 0.000000 0.000000 0.000000
0.000000 1.000000 0.000000 0.000000
0.000000 0.000000 1.000000 0.000000
0.000000 0.000000 -0.000110 1.000000
Mesh: tat1_bldg_platform_tank
Model tat1_bldg_platform_tank
Model platform_tank_pipe8
Model platform_tank_pipe6
Model platform_tank_pipe10
Model platform_tank_pipe11
Model p_collision44
Model p_collision39
Model p_collision45
Model p_collision42
Model p_collision43
Model pipe17
Model tat1_bldg_platform_tank_lowrez
Model lowrez
Model lowrez2
Model lowrez1
Model p_collision41
Model shadowvolume7
Root tat1_bldg_platform_tank
Matrix:
1.000000 0.000000 0.000000 0.000000
0.000000 1.000000 0.000000 0.000000
0.000000 0.000000 1.000000 0.000000
0.000000 0.000000 0.000000 1.000000
Name: shadowvolume7
Parent: tat1_bldg_platform_tank
Matrix:
1.000000 0.000000 0.000000 0.000000
0.000000 1.000000 0.000000 0.000000
0.000000 0.000000 1.000000 0.000000
0.000000 0.000000 0.000000 1.000000
Name: p_collision41
Parent: 
Sibling: shadowvolume7
Matrix:
0.976700 0.000000 -0.214609 0.000000
0.000000 1.000000 0.000000 0.000000
0.214609 0.000000 0.976700 0.000000
1.481352 3.572620 6.981136 1.000000
Name: tat1_bldg_platform_tank_lowrez
Parent: 
Sibling: p_collision41
Matrix:
1.000000 0.000000 0.000000 0.000000
0.000000 1.000000 0.000000 0.000000
0.000000 0.000000 1.000000 0.000000
0.000000 0.000000 0.000000 1.000000
Name: lowrez1
Parent: tat1_bldg_platform_tank_lowrez
Matrix:
1.000000 0.000000 0.000000 0.000000
0.000000 1.000000 0.000000 0.000000
0.000000 0.000000 1.000000 0.000000
0.000000 0.000000 0.000000 1.000000
Name: lowrez2
Parent: 
Sibling: lowrez1
Matrix:
0.692866 0.000000 0.721066 0.000000
0.000000 1.000000 0.000000 0.000000
-0.721066 0.000000 0.692866 0.000000
0.019769 0.000000 -0.083324 1.000000
Name: lowrez
Parent: 
Sibling: lowrez2
Matrix:
1.000000 0.000000 0.000000 0.000000
0.000000 1.000000 0.000000 0.000000
0.000000 0.000000 1.000000 0.000000
0.000000 0.000000 0.000000 1.000000
Name: pipe17
Parent: 
Sibling: tat1_bldg_platform_tank_lowrez
Matrix:
1.000000 0.000000 0.000000 0.000000
0.000000 1.000000 0.000000 0.000000
0.000000 0.000000 1.000000 0.000000
0.000000 0.000000 0.000000 1.000000
Name: p_collision43
Parent: 
Sibling: pipe17
Matrix:
0.707107 0.000000 -0.707107 0.000000
0.707107 -0.000000 0.707107 0.000000
-0.000000 -1.000000 -0.000000 0.000000
3.104689 2.005190 3.134968 1.000000
Name: p_collision42
Parent: 
Sibling: p_collision43
Matrix:
0.976700 0.000000 -0.214609 0.000000
0.214609 0.000000 0.976700 0.000000
0.000000 -1.000000 0.000000 0.000000
2.146422 2.005190 10.012356 1.000000
Name: p_collision45
Parent: 
Sibling: p_collision42
Matrix:
-0.555570 0.000000 -0.831470 0.000000
0.831470 0.000000 -0.555570 0.000000
-0.000000 -1.000000 0.000000 0.000000
4.005656 1.336706 -2.651742 1.000000
Name: p_collision39
Parent: 
Sibling: p_collision45
Matrix:
1.000000 0.000000 0.000000 0.000000
0.000000 1.000000 0.000000 0.000000
0.000000 0.000000 1.000000 0.000000
0.000000 10.429786 0.000000 1.000000
Name: p_collision44
Parent: 
Sibling: p_collision39
Matrix:
0.195090 0.000000 -0.980785 0.000000
0.980785 -0.000000 0.195090 0.000000
-0.000000 -1.000000 -0.000000 0.000000
4.730390 1.336706 0.971221 1.000000
Name: platform_tank_pipe11
Parent: 
Sibling: p_collision44
Matrix:
1.000000 0.000000 0.000000 0.000000
0.000000 1.000000 0.000000 0.000000
0.000000 0.000000 1.000000 0.000000
0.000000 0.000000 0.000000 1.000000
Name: platform_tank_pipe10
Parent: 
Sibling: platform_tank_pipe11
Matrix:
1.000000 0.000000 0.000000 0.000000
0.000000 1.000000 0.000000 0.000000
0.000000 0.000000 1.000000 0.000000
0.000000 0.000000 0.000000 1.000000
Name: platform_tank_pipe6
Parent: 
Sibling: platform_tank_pipe10
Matrix:
1.000000 0.000000 0.000000 0.000000
0.000000 1.000000 0.000000 0.000000
0.000000 0.000000 1.000000 0.000000
0.000000 0.000000 0.000000 1.000000
Name: platform_tank_pipe8
Parent: 
Sibling: platform_tank_pipe6
Matrix:
1.000000 0.000000 0.000000 0.000000
0.000000 1.000000 0.000000 0.000000
0.000000 0.000000 1.000000 0.000000
0.000000 0.000000 0.000000 1.000000
Mesh: tat1_bldg_rockpointybig
Model tat1_bldg_rockpointybig_lowrez
Root tat1_bldg_rockpointybig_lowrez
Matrix:
1.000000 0.000000 0.000000 0.000000
0.000000 1.000000 0.000000 0.000000
0.000000 0.000000 1.000000 0.000000
0.000000 0.000000 0.000000 1.000000
Mesh: tat1_bldg_rockpointysmall
Model rock_pointy_small
Model collision_05
Model rock_pointy_small_lowrez
Model shadowvolume1
Root rock_pointy_small
Matrix:
1.000000 0.000000 0.000000 0.000000
0.000000 1.000000 0.000000 0.000000
0.000000 0.000000 1.000000 0.000000
0.000000 0.000000 0.000000 1.000000
Name: shadowvolume1
Parent: rock_pointy_small
Matrix:
1.000000 0.000000 0.000000 0.000000
0.000000 1.000000 0.000000 0.000000
0.000000 0.000000 1.000000 0.000000
0.000000 0.003494 0.000000 1.000000
Name: rock_pointy_small_lowrez
Parent: 
Sibling: shadowvolume1
Matrix:
1.000000 0.000000 0.000000 0.000000
0.000000 1.000000 0.000000 0.000000
0.000000 0.000000 1.000000 0.000000
0.000000 0.003494 0.000000 1.000000
Name: collision_05
Parent: 
Sibling: rock_pointy_small_lowrez
Matrix:
1.000000 0.000000 0.000000 0.000000
0.000000 1.000000 0.000000 0.000000
0.000000 0.000000 1.000000 0.000000
0.000000 0.003494 0.000000 1.000000
Mesh: tat1_bldg_rocksharpbig
Model Rock_sharp_big
Model Rock_sharp_big_lowrez
Model collision_02
Model shadowvolume3
Root Rock_sharp_big
Matrix:
1.000000 0.000000 0.000000 0.000000
0.000000 1.000000 0.000000 0.000000
0.000000 0.000000 1.000000 0.000000
0.000000 0.000000 0.000000 1.000000
Name: shadowvolume3
Parent: Rock_sharp_big
Matrix:
1.000000 0.000000 0.000000 0.000000
0.000000 1.000000 0.000000 0.000000
0.000000 0.000000 1.000000 0.000000
0.054275 0.054057 0.004786 1.000000
Name: collision_02
Parent: 
Sibling: shadowvolume3
Matrix:
1.000000 0.000000 0.000000 0.000000
0.000000 1.000000 0.000000 0.000000
0.000000 0.000000 1.000000 0.000000
0.000000 0.000000 0.000000 1.000000
Name: Rock_sharp_big_lowrez
Parent: 
Sibling: collision_02
Matrix:
1.000000 0.000000 0.000000 0.000000
0.000000 1.000000 0.000000 0.000000
0.000000 0.000000 1.000000 0.000000
0.000000 0.000000 0.000000 1.000000
Mesh: tat1_bldg_rock_boulder
Model geo_prop_cliff_stones_1
Model collision4
Model collision1
Model collision2
Model collision3
Model rock_4
Model rock_3
Model rock_2
Model collision
Model rock_24
Model geo_prop_cliff_stones_1_lowrez
Model lowrez
Model lowrez3
Model lowrez2
Model lowrez1
Model shadowvolume
Model shadowvolume4
Model shadowvolume1
Model shadowvolume3
Model shadowvolume2
Root geo_prop_cliff_stones_1
Matrix:
1.000000 0.000000 0.000000 0.000000
0.000000 1.000000 0.000000 0.000000
0.000000 0.000000 1.000000 0.000000
0.000000 0.000000 0.000000 1.000000
Name: shadowvolume2
Parent: geo_prop_cliff_stones_1
Matrix:
1.000000 0.000000 0.000000 0.000000
0.000000 1.000000 0.000000 0.000000
0.000000 0.000000 1.000000 0.000000
0.000000 0.000000 0.000000 1.000000
Name: shadowvolume3
Parent: 
Sibling: shadowvolume2
Matrix:
1.000000 0.000000 0.000000 0.000000
0.000000 1.000000 0.000000 0.000000
0.000000 0.000000 1.000000 0.000000
0.000000 0.000000 0.000000 1.000000
Name: shadowvolume1
Parent: 
Sibling: shadowvolume3
Matrix:
1.000000 0.000000 0.000000 0.000000
0.000000 1.000000 0.000000 0.000000
0.000000 0.000000 1.000000 0.000000
0.000000 0.000000 0.000000 1.000000
Name: shadowvolume4
Parent: 
Sibling: shadowvolume1
Matrix:
1.000000 0.000000 0.000000 0.000000
0.000000 1.000000 0.000000 0.000000
0.000000 0.000000 1.000000 0.000000
0.000000 0.000000 0.000000 1.000000
Name: shadowvolume
Parent: 
Sibling: shadowvolume4
Matrix:
1.000000 0.000000 0.000000 0.000000
0.000000 1.000000 0.000000 0.000000
0.000000 0.000000 1.000000 0.000000
0.000000 0.000000 0.000000 1.000000
Name: geo_prop_cliff_stones_1_lowrez
Parent: 
Sibling: shadowvolume
Matrix:
1.000000 0.000000 0.000000 0.000000
0.000000 1.000000 0.000000 0.000000
0.000000 0.000000 1.000000 0.000000
0.000000 0.000000 0.000000 1.000000
Name: lowrez1
Parent: geo_prop_cliff_stones_1_lowrez
Matrix:
1.000000 0.000000 0.000000 0.000000
0.000000 1.000000 0.000000 0.000000
0.000000 0.000000 1.000000 0.000000
0.000000 0.000000 0.000000 1.000000
Name: lowrez2
Parent: 
Sibling: lowrez1
Matrix:
1.000000 0.000000 0.000000 0.000000
0.000000 1.000000 0.000000 0.000000
0.000000 0.000000 1.000000 0.000000
0.000000 0.000000 0.000000 1.000000
Name: lowrez3
Parent: 
Sibling: lowrez2
Matrix:
1.000000 0.000000 0.000000 0.000000
0.000000 1.000000 0.000000 0.000000
0.000000 0.000000 1.000000 0.000000
0.000000 0.000000 0.000000 1.000000
Name: lowrez
Parent: 
Sibling: lowrez3
Matrix:
1.000000 0.000000 0.000000 0.000000
0.000000 1.000000 0.000000 0.000000
0.000000 0.000000 1.000000 0.000000
0.000000 0.000000 0.000000 1.000000
Name: rock_24
Parent: 
Sibling: geo_prop_cliff_stones_1_lowrez
Matrix:
1.000000 0.000000 0.000000 0.000000
0.000000 1.000000 0.000000 0.000000
0.000000 0.000000 1.000000 0.000000
0.000000 0.000000 0.000000 1.000000
Name: collision
Parent: 
Sibling: rock_24
Matrix:
1.000000 0.000000 0.000000 0.000000
0.000000 1.000000 0.000000 0.000000
0.000000 0.000000 1.000000 0.000000
0.000000 0.000000 0.000000 1.000000
Name: rock_2
Parent: 
Sibling: collision
Matrix:
1.000000 0.000000 0.000000 0.000000
0.000000 1.000000 0.000000 0.000000
0.000000 0.000000 1.000000 0.000000
0.000000 0.000000 0.000000 1.000000
Name: rock_3
Parent: 
Sibling: rock_2
Matrix:
1.000000 0.000000 0.000000 0.000000
0.000000 1.000000 0.000000 0.000000
0.000000 0.000000 1.000000 0.000000
0.000000 0.000000 0.000000 1.000000
Name: rock_4
Parent: 
Sibling: rock_3
Matrix:
1.000000 0.000000 0.000000 0.000000
0.000000 1.000000 0.000000 0.000000
0.000000 0.000000 1.000000 0.000000
0.000000 0.000000 0.000000 1.000000
Name: collision3
Parent: 
Sibling: rock_4
Matrix:
1.000000 0.000000 0.000000 0.000000
0.000000 1.000000 0.000000 0.000000
0.000000 0.000000 1.000000 0.000000
0.000000 0.000000 0.000000 1.000000
Name: collision2
Parent: 
Sibling: collision3
Matrix:
1.000000 0.000000 0.000000 0.000000
0.000000 1.000000 0.000000 0.000000
0.000000 0.000000 1.000000 0.000000
0.000000 0.000000 0.000000 1.000000
Name: collision1
Parent: 
Sibling: collision2
Matrix:
1.000000 0.000000 0.000000 0.000000
0.000000 1.000000 0.000000 0.000000
0.000000 0.000000 1.000000 0.000000
0.000000 0.000000 0.000000 1.000000
Name: collision4
Parent: 
Sibling: collision1
Matrix:
1.000000 0.000000 0.000000 0.000000
0.000000 1.000000 0.000000 0.000000
0.000000 0.000000 1.000000 0.000000
0.000000 0.000000 0.000000 1.000000
Mesh: tat1_bldg_rock_rubble
Model tat1_bldg_rock_rubble
Model tat1_bldg_rock_rubble_lowrez
Model collision
Model shadowvolume
Root tat1_bldg_rock_rubble
Matrix:
1.000000 0.000000 0.000000 0.000000
0.000000 1.000000 0.000000 0.000000
0.000000 0.000000 1.000000 0.000000
0.000000 0.000000 0.000000 1.000000
Name: shadowvolume
Parent: tat1_bldg_rock_rubble
Matrix:
1.000000 0.000000 0.000000 0.000000
0.000000 1.000000 0.000000 0.000000
0.000000 0.000000 1.000000 0.000000
0.000000 0.000000 0.000000 1.000000
Name: collision
Parent: 
Sibling: shadowvolume
Matrix:
1.000000 0.000000 0.000000 0.000000
0.000000 1.000000 0.000000 0.000000
0.000000 0.000000 1.000000 0.000000
0.000000 0.000000 0.000000 1.000000
Name: tat1_bldg_rock_rubble_lowrez
Parent: 
Sibling: collision
Matrix:
1.000000 0.000000 0.000000 0.000000
0.000000 1.000000 0.000000 0.000000
0.000000 0.000000 1.000000 0.000000
0.000000 0.000000 0.000000 1.000000
Mesh: tat1_bldg_rock_rubble_pillar
Model tat1_rock_rubble_pillar
Model tat1_rock_rubble_pillar_lowrez
Model collision
Model shadowvolume
Root tat1_rock_rubble_pillar
Matrix:
1.000000 0.000000 0.000000 0.000000
0.000000 1.000000 0.000000 0.000000
0.000000 0.000000 1.000000 0.000000
0.000000 0.000000 0.000000 1.000000
Name: shadowvolume
Parent: tat1_rock_rubble_pillar
Matrix:
1.000000 0.000000 0.000000 0.000000
0.000000 1.000000 0.000000 0.000000
0.000000 0.000000 1.000000 0.000000
0.000000 0.000000 0.000000 1.000000
Name: collision
Parent: 
Sibling: shadowvolume
Matrix:
1.000000 0.000000 0.000000 0.000000
0.000000 1.000000 0.000000 0.000000
0.000000 0.000000 1.000000 0.000000
0.000000 0.000000 0.000000 1.000000
Name: tat1_rock_rubble_pillar_lowrez
Parent: 
Sibling: collision
Matrix:
1.000000 0.000000 0.000000 0.000000
0.000000 1.000000 0.000000 0.000000
0.000000 0.000000 1.000000 0.000000
0.000000 0.000000 0.000000 1.000000
Mesh: tat1_bldg_rock_rubble_pillar2
Model tat1_bldg_pillar2
Model tat1_bldg_pillar2_lowrez
Model collision
Model shadowvolume
Root tat1_bldg_pillar2
Matrix:
1.000000 0.000000 0.000000 0.000000
0.000000 1.000000 0.000000 0.000000
0.000000 0.000000 1.000000 0.000000
0.000000 0.000000 0.000000 1.000000
Name: shadowvolume
Parent: tat1_bldg_pillar2
Matrix:
1.000000 0.000000 0.000000 0.000000
0.000000 1.000000 0.000000 0.000000
0.000000 0.000000 1.000000 0.000000
0.000000 0.000000 0.000000 1.000000
Name: collision
Parent: 
Sibling: shadowvolume
Matrix:
1.000000 0.000000 0.000000 0.000000
0.000000 1.000000 0.000000 0.000000
0.000000 0.000000 1.000000 0.000000
0.000000 0.000000 0.000000 1.000000
Name: tat1_bldg_pillar2_lowrez
Parent: 
Sibling: collision
Matrix:
1.000000 0.000000 0.000000 0.000000
0.000000 1.000000 0.000000 0.000000
0.000000 0.000000 1.000000 0.000000
0.000000 0.000000 0.000000 1.000000
Mesh: tat1_bldg_rock_rubble_pillar2_lowrez
Model rock_rubble_pillar2_large
Model shadowvolume
Root rock_rubble_pillar2_large
Matrix:
1.000000 0.000000 0.000000 0.000000
0.000000 1.000000 0.000000 0.000000
0.000000 0.000000 1.000000 0.000000
0.000000 0.000000 0.000000 1.000000
Name: shadowvolume
Parent: rock_rubble_pillar2_large
Matrix:
1.000000 0.000000 0.000000 0.000000
0.000000 1.000000 0.000000 0.000000
0.000000 0.000000 1.000000 0.000000
0.000000 1.159237 0.000000 1.000000
Mesh: tat1_bldg_rock_rubble_pillar3
Model tat1_bldg_rock_rubble_pillar3
Model tat1_bldg_rock_rubble_pillar3_lowrez
Model collision
Model shadowvolume1
Root tat1_bldg_rock_rubble_pillar3
Matrix:
1.000000 0.000000 0.000000 0.000000
0.000000 1.000000 0.000000 0.000000
0.000000 0.000000 1.000000 0.000000
0.000000 0.000000 0.000000 1.000000
Name: shadowvolume1
Parent: tat1_bldg_rock_rubble_pillar3
Matrix:
1.000000 0.000000 0.000000 0.000000
0.000000 1.000000 0.000000 0.000000
0.000000 0.000000 1.000000 0.000000
0.000000 0.000000 0.000000 1.000000
Name: collision
Parent: 
Sibling: shadowvolume1
Matrix:
1.000000 0.000000 0.000000 0.000000
0.000000 1.000000 0.000000 0.000000
0.000000 0.000000 1.000000 0.000000
0.000000 0.000000 0.000000 1.000000
Name: tat1_bldg_rock_rubble_pillar3_lowrez
Parent: 
Sibling: collision
Matrix:
1.000000 0.000000 0.000000 0.000000
0.000000 1.000000 0.000000 0.000000
0.000000 0.000000 1.000000 0.000000
0.000000 0.000000 0.000000 1.000000
Mesh: tat1_bldg_rock_rubble_pillar3_lowrez
Model rock_rubble_pillar3
Model shadowvolume
Root rock_rubble_pillar3
Matrix:
1.000000 0.000000 0.000000 0.000000
0.000000 1.000000 0.000000 0.000000
0.000000 0.000000 1.000000 0.000000
0.000000 0.000000 0.000000 1.000000
Name: shadowvolume
Parent: rock_rubble_pillar3
Matrix:
1.000000 0.000000 0.000000 0.000000
0.000000 1.000000 0.000000 0.000000
0.000000 0.000000 1.000000 0.000000
0.000000 2.731811 0.000000 1.000000
Mesh: tat1_bldg_rock_rubble_pillar4
Model tat1_bldg_rock_rubble_pillar4
Model collision1
Model tat1_bldg_rock_rubble_pillar4_lowrez
Model shadowvolume1
Root tat1_bldg_rock_rubble_pillar4
Matrix:
1.000000 0.000000 0.000000 0.000000
0.000000 1.000000 0.000000 0.000000
0.000000 0.000000 1.000000 0.000000
0.000000 0.000000 0.000000 1.000000
Name: shadowvolume1
Parent: tat1_bldg_rock_rubble_pillar4
Matrix:
1.000000 0.000000 0.000000 0.000000
0.000000 1.000000 0.000000 0.000000
0.000000 0.000000 1.000000 0.000000
0.000000 0.000000 0.000000 1.000000
Name: tat1_bldg_rock_rubble_pillar4_lowrez
Parent: 
Sibling: shadowvolume1
Matrix:
1.000000 0.000000 0.000000 0.000000
0.000000 1.000000 0.000000 0.000000
0.000000 0.000000 1.000000 0.000000
0.000000 0.000000 0.000000 1.000000
Name: collision1
Parent: 
Sibling: tat1_bldg_rock_rubble_pillar4_lowrez
Matrix:
1.000000 0.000000 0.000000 0.000000
0.000000 1.000000 0.000000 0.000000
0.000000 0.000000 1.000000 0.000000
0.000000 0.000000 0.000000 1.000000
Mesh: tat1_bldg_rock_rubble_pillar_lowrez
Model rock_rubble_pillar
Model shadowvolume
Root rock_rubble_pillar
Matrix:
1.000000 0.000000 0.000000 0.000000
0.000000 1.000000 0.000000 0.000000
0.000000 0.000000 1.000000 0.000000
0.000000 0.000000 0.000000 1.000000
Name: shadowvolume
Parent: rock_rubble_pillar
Matrix:
1.000000 0.000000 0.000000 0.000000
0.000000 1.000000 0.000000 0.000000
0.000000 0.000000 1.000000 0.000000
0.000000 0.000000 0.000000 1.000000
Mesh: tat1_canyonwall_01
Model tat1_canyonwall_01
Model tat1_canyonwall_01_lowrez
Model collision_lower8
Model collision_lower2
Model collision_lower3
Model collision_lower1
Model collision_lower6
Model collision_lower7
Model collision_lower4
Model collision_lower5
Model collision_upper1
Root tat1_canyonwall_01
Matrix:
1.000000 0.000000 0.000000 0.000000
0.000000 1.000000 0.000000 0.000000
0.000000 0.000000 1.000000 0.000000
0.000000 0.000000 0.000000 1.000000
Name: collision_upper1
Parent: tat1_canyonwall_01
Matrix:
1.000000 0.000000 0.000000 0.000000
0.000000 1.000000 0.000000 0.000000
0.000000 0.000000 1.000000 0.000000
0.000000 0.000000 0.000000 1.000000
Name: collision_lower5
Parent: 
Sibling: collision_upper1
Matrix:
1.000000 0.000000 0.000000 0.000000
0.000000 1.000000 0.000000 0.000000
0.000000 0.000000 1.000000 0.000000
0.000000 0.000000 0.000000 1.000000
Name: collision_lower4
Parent: 
Sibling: collision_lower5
Matrix:
1.000000 0.000000 0.000000 0.000000
0.000000 1.000000 0.000000 0.000000
0.000000 0.000000 1.000000 0.000000
0.000000 0.000000 0.000000 1.000000
Name: collision_lower7
Parent: 
Sibling: collision_lower4
Matrix:
1.000000 0.000000 0.000000 0.000000
0.000000 1.000000 0.000000 0.000000
0.000000 0.000000 1.000000 0.000000
0.000000 0.000000 0.000000 1.000000
Name: collision_lower6
Parent: 
Sibling: collision_lower7
Matrix:
1.000000 0.000000 0.000000 0.000000
0.000000 1.000000 0.000000 0.000000
0.000000 0.000000 1.000000 0.000000
0.000000 0.000000 0.000000 1.000000
Name: collision_lower1
Parent: 
Sibling: collision_lower6
Matrix:
1.000000 0.000000 0.000000 0.000000
0.000000 1.000000 0.000000 0.000000
0.000000 0.000000 1.000000 0.000000
0.000000 0.000000 0.000000 1.000000
Name: collision_lower3
Parent: 
Sibling: collision_lower1
Matrix:
1.000000 0.000000 0.000000 0.000000
0.000000 1.000000 0.000000 0.000000
0.000000 0.000000 1.000000 0.000000
0.000000 0.000000 0.000000 1.000000
Name: collision_lower2
Parent: 
Sibling: collision_lower3
Matrix:
1.000000 0.000000 0.000000 0.000000
0.000000 1.000000 0.000000 0.000000
0.000000 0.000000 1.000000 0.000000
0.000000 0.000000 0.000000 1.000000
Name: collision_lower8
Parent: 
Sibling: collision_lower2
Matrix:
1.000000 0.000000 0.000000 0.000000
0.000000 1.000000 0.000000 0.000000
0.000000 0.000000 1.000000 0.000000
0.000000 0.000000 0.000000 1.000000
Name: tat1_canyonwall_01_lowrez
Parent: 
Sibling: collision_lower8
Matrix:
1.000000 0.000000 0.000000 0.000000
0.000000 1.000000 0.000000 0.000000
0.000000 0.000000 1.000000 0.000000
0.000000 0.000000 0.000000 1.000000
Mesh: tat1_canyonwall_02
Model ta1_canyonwall_02
Model collision_lower
Model collision_lower9
Model collision_lower10
Model collision_lower11
Model ta1_canyonwall_02_lowrez
Model collision_upper
Root ta1_canyonwall_02
Matrix:
1.000000 0.000000 0.000000 0.000000
0.000000 1.000000 0.000000 0.000000
0.000000 0.000000 1.000000 0.000000
0.000000 0.000000 0.000000 1.000000
Name: collision_upper
Parent: ta1_canyonwall_02
Matrix:
1.000000 0.000000 0.000000 0.000000
0.000000 1.000000 0.000000 0.000000
0.000000 0.000000 1.000000 0.000000
0.000000 0.000000 0.000000 1.000000
Name: ta1_canyonwall_02_lowrez
Parent: 
Sibling: collision_upper
Matrix:
1.000000 0.000000 0.000000 0.000000
0.000000 1.000000 0.000000 0.000000
0.000000 0.000000 1.000000 0.000000
0.000000 0.000000 0.000000 1.000000
Name: collision_lower11
Parent: 
Sibling: ta1_canyonwall_02_lowrez
Matrix:
1.000000 0.000000 0.000000 0.000000
0.000000 1.000000 0.000000 0.000000
0.000000 0.000000 1.000000 0.000000
0.000000 0.000000 0.000000 1.000000
Name: collision_lower10
Parent: 
Sibling: collision_lower11
Matrix:
1.000000 0.000000 0.000000 0.000000
0.000000 1.000000 0.000000 0.000000
0.000000 0.000000 1.000000 0.000000
0.000000 0.000000 0.000000 1.000000
Name: collision_lower9
Parent: 
Sibling: collision_lower10
Matrix:
1.000000 0.000000 0.000000 0.000000
0.000000 1.000000 0.000000 0.000000
0.000000 0.000000 1.000000 0.000000
0.000000 0.000000 0.000000 1.000000
Name: collision_lower
Parent: 
Sibling: collision_lower9
Matrix:
1.000000 0.000000 0.000000 0.000000
0.000000 1.000000 0.000000 0.000000
0.000000 0.000000 1.000000 0.000000
0.000000 0.000000 0.000000 1.000000
Mesh: tat1_canyonwall_03
Model tat1_canyon_03
Model tat1_canyon_03_lowrez
Model p_cube19
Model collision_lower8
Model collision_lower2
Model collision_lower3
Model collision_lower1
Model collision_lower6
Model collision_lower7
Model collision_lower4
Model collision_lower5
Model p_cube44
Model p_cube43
Model collision_upper
Root tat1_canyon_03
Matrix:
1.000000 0.000000 0.000000 0.000000
0.000000 1.000000 0.000000 0.000000
0.000000 0.000000 1.000000 0.000000
0.000000 0.000000 0.000000 1.000000
Name: collision_upper
Parent: tat1_canyon_03
Matrix:
1.000000 0.000000 0.000000 0.000000
0.000000 1.000000 0.000000 0.000000
0.000000 0.000000 1.000000 0.000000
0.000000 0.000000 0.000000 1.000000
Name: p_cube43
Parent: 
Sibling: collision_upper
Matrix:
0.000000 0.000000 1.000000 0.000000
0.000000 1.000000 0.000000 0.000000
-1.000000 0.000000 0.000000 0.000000
178.912125 16.138649 183.586700 1.000000
Name: p_cube44
Parent: 
Sibling: p_cube43
Matrix:
0.000000 0.000000 1.000000 0.000000
0.000000 1.000000 0.000000 0.000000
-1.000000 0.000000 0.000000 0.000000
183.961960 16.138649 182.183624 1.000000
Name: collision_lower5
Parent: 
Sibling: p_cube44
Matrix:
1.000000 0.000000 0.000000 0.000000
0.000000 1.000000 0.000000 0.000000
0.000000 0.000000 1.000000 0.000000
0.000000 0.000000 0.000000 1.000000
Name: collision_lower4
Parent: 
Sibling: collision_lower5
Matrix:
1.000000 0.000000 0.000000 0.000000
0.000000 1.000000 0.000000 0.000000
0.000000 0.000000 1.000000 0.000000
0.000000 0.000000 0.000000 1.000000
Name: collision_lower7
Parent: 
Sibling: collision_lower4
Matrix:
1.000000 0.000000 0.000000 0.000000
0.000000 1.000000 0.000000 0.000000
0.000000 0.000000 1.000000 0.000000
0.000000 0.000000 0.000000 1.000000
Name: collision_lower6
Parent: 
Sibling: collision_lower7
Matrix:
1.000000 0.000000 0.000000 0.000000
0.000000 1.000000 0.000000 0.000000
0.000000 0.000000 1.000000 0.000000
0.000000 0.000000 0.000000 1.000000
Name: collision_lower1
Parent: 
Sibling: collision_lower6
Matrix:
1.000000 0.000000 0.000000 0.000000
0.000000 1.000000 0.000000 0.000000
0.000000 0.000000 1.000000 0.000000
0.000000 0.000000 0.000000 1.000000
Name: collision_lower3
Parent: 
Sibling: collision_lower1
Matrix:
1.000000 0.000000 0.000000 0.000000
0.000000 1.000000 0.000000 0.000000
0.000000 0.000000 1.000000 0.000000
0.000000 0.000000 0.000000 1.000000
Name: collision_lower2
Parent: 
Sibling: collision_lower3
Matrix:
1.000000 0.000000 0.000000 0.000000
0.000000 1.000000 0.000000 0.000000
0.000000 0.000000 1.000000 0.000000
0.000000 0.000000 0.000000 1.000000
Name: collision_lower8
Parent: 
Sibling: collision_lower2
Matrix:
1.000000 0.000000 0.000000 0.000000
0.000000 1.000000 0.000000 0.000000
0.000000 0.000000 1.000000 0.000000
0.000000 0.000000 0.000000 1.000000
Name: p_cube19
Parent: 
Sibling: collision_lower8
Matrix:
-0.963663 -0.266682 -0.015339 0.000000
-0.266724 0.963773 0.000767 0.000000
0.014579 0.004830 -0.999882 0.000000
150.916595 11.565292 183.586700 1.000000
Name: tat1_canyon_03_lowrez
Parent: 
Sibling: p_cube19
Matrix:
1.000000 0.000000 0.000000 0.000000
0.000000 1.000000 0.000000 0.000000
0.000000 0.000000 1.000000 0.000000
0.000000 0.000000 0.000000 1.000000
Mesh: tat1_prop_droid_rubbish0
Model droid_rubbish0
Model box_droid
Model p_collision5
Model _8d8_belly
Model rubbish3
Model p_collision4
Model rubbish2
Model p_collision7
Model wheel2
Model wheel1
Model box_droid_lowrez
Model rack4
Model rack7
Model rack6
Model rack3
Model rack2
Model droid_rubbish0_lowrez
Model wheel
Model p_collision6
Root droid_rubbish0
Matrix:
1.000000 0.000000 0.000000 0.000000
0.000000 1.000000 0.000000 0.000000
0.000000 0.000000 1.000000 0.000000
0.000000 0.000000 0.000000 1.000000
Name: p_collision6
Parent: droid_rubbish0
Matrix:
1.000000 0.000000 0.000000 0.000000
0.000000 1.000000 0.000000 0.000000
0.000000 0.000000 1.000000 0.000000
0.000000 0.000000 0.000000 1.000000
Name: wheel
Parent: 
Sibling: p_collision6
Matrix:
1.000000 0.000000 0.000000 0.000000
0.000000 1.000000 0.000000 0.000000
0.000000 0.000000 1.000000 0.000000
0.000000 0.000000 0.000000 1.000000
Name: droid_rubbish0_lowrez
Parent: 
Sibling: wheel
Matrix:
1.000000 0.000000 0.000000 0.000000
0.000000 1.000000 0.000000 0.000000
0.000000 0.000000 1.000000 0.000000
0.000000 0.000000 0.000000 1.000000
Name: rack2
Parent: 
Sibling: droid_rubbish0_lowrez
Matrix:
1.000000 0.000000 0.000000 0.000000
0.000000 1.000000 0.000000 0.000000
0.000000 0.000000 1.000000 0.000000
0.000000 0.000000 0.000000 1.000000
Name: rack3
Parent: 
Sibling: rack2
Matrix:
1.000000 0.000000 0.000000 0.000000
0.000000 1.000000 0.000000 0.000000
0.000000 0.000000 1.000000 0.000000
0.000000 0.000000 0.000000 1.000000
Name: rack6
Parent: 
Sibling: rack3
Matrix:
1.000000 0.000000 0.000000 0.000000
0.000000 1.000000 0.000000 0.000000
0.000000 0.000000 1.000000 0.000000
0.000000 0.000000 0.000000 1.000000
Name: rack7
Parent: 
Sibling: rack6
Matrix:
1.000000 0.000000 0.000000 0.000000
0.000000 1.000000 0.000000 0.000000
0.000000 0.000000 1.000000 0.000000
0.000000 0.000000 0.000000 1.000000
Name: rack4
Parent: 
Sibling: rack7
Matrix:
1.000000 0.000000 0.000000 0.000000
0.000000 1.000000 0.000000 0.000000
0.000000 0.000000 1.000000 0.000000
0.000000 0.000000 0.000000 1.000000
Name: box_droid_lowrez
Parent: 
Sibling: rack4
Matrix:
1.000000 0.000000 0.000000 0.000000
0.000000 1.000000 0.000000 0.000000
0.000000 0.000000 1.000000 0.000000
0.000000 0.000000 0.000000 1.000000
Name: wheel1
Parent: 
Sibling: box_droid_lowrez
Matrix:
1.000000 0.000000 0.000000 0.000000
0.000000 1.000000 0.000000 0.000000
0.000000 0.000000 1.000000 0.000000
0.000000 0.000000 0.000000 1.000000
Name: wheel2
Parent: 
Sibling: wheel1
Matrix:
1.000000 0.000000 0.000000 0.000000
0.000000 1.000000 0.000000 0.000000
0.000000 0.000000 1.000000 0.000000
0.000000 0.000000 0.000000 1.000000
Name: rubbish2
Parent: 
Sibling: wheel2
Matrix:
1.000000 0.000000 0.000000 0.000000
0.000000 1.000000 0.000000 0.000000
0.000000 0.000000 1.000000 0.000000
0.000000 0.000000 0.000000 1.000000
Name: p_collision7
Parent: rubbish2
Matrix:
1.000000 0.000000 0.000000 0.000000
0.000000 1.000000 0.000000 0.000000
0.000000 0.000000 1.000000 0.000000
0.000000 0.000000 0.000000 1.000000
Name: rubbish3
Parent: 
Sibling: rubbish2
Matrix:
1.000000 0.000000 0.000000 0.000000
0.000000 1.000000 0.000000 0.000000
0.000000 0.000000 1.000000 0.000000
0.000000 0.000000 0.000000 1.000000
Name: p_collision4
Parent: rubbish3
Matrix:
1.000000 0.000000 0.000000 0.000000
0.000000 1.000000 0.000000 0.000000
0.000000 0.000000 1.000000 0.000000
0.000000 0.000000 0.000000 1.000000
Name: _8d8_belly
Parent: 
Sibling: rubbish3
Matrix:
1.000000 0.000000 0.000000 0.000000
0.000000 1.000000 0.000000 0.000000
0.000000 0.000000 1.000000 0.000000
0.000000 0.000000 0.000000 1.000000
Name: box_droid
Parent: 
Sibling: _8d8_belly
Matrix:
1.000000 0.000000 0.000000 0.000000
0.000000 1.000000 0.000000 0.000000
0.000000 0.000000 1.000000 0.000000
0.000000 0.000000 0.000000 1.000000
Name: p_collision5
Parent: box_droid
Matrix:
1.000000 0.000000 0.000000 0.000000
0.000000 1.000000 0.000000 0.000000
0.000000 0.000000 1.000000 0.000000
0.000000 0.000000 0.000000 1.000000
Mesh: tat1_prop_droid_rubbish1
Model droid_rubbish1
Model r4_arm1
Model r4_arm
Model droid_rubbish1_lowrez
Model p_collision1
Root droid_rubbish1
Matrix:
1.000000 0.000000 0.000000 0.000000
0.000000 1.000000 0.000000 0.000000
0.000000 0.000000 1.000000 0.000000
0.000000 0.000000 0.000000 1.000000
Name: p_collision1
Parent: droid_rubbish1
Matrix:
1.000000 0.000000 0.000000 0.000000
0.000000 1.000000 0.000000 0.000000
0.000000 0.000000 1.000000 0.000000
0.000000 0.000000 0.000000 1.000000
Name: droid_rubbish1_lowrez
Parent: 
Sibling: p_collision1
Matrix:
1.000000 0.000000 0.000000 0.000000
0.000000 1.000000 0.000000 0.000000
0.000000 0.000000 1.000000 0.000000
0.000000 0.000000 0.000000 1.000000
Name: r4_arm
Parent: 
Sibling: droid_rubbish1_lowrez
Matrix:
1.000000 0.000000 0.000000 0.000000
0.000000 1.000000 0.000000 0.000000
0.000000 0.000000 1.000000 0.000000
0.000000 0.000000 0.000000 1.000000
Name: r4_arm1
Parent: 
Sibling: r4_arm
Matrix:
1.000000 0.000000 0.000000 0.000000
0.000000 1.000000 0.000000 0.000000
0.000000 0.000000 1.000000 0.000000
0.000000 0.000000 0.000000 1.000000
Mesh: tat1_prop_droid_rubbish2
Model droid_rubbish2
Model rubbish
Model p_collision3
Model rubbish1
Model p_collision2
Model droid_rubbish2_lowrez
Model arm
Model arm4
Model arm5
Model collision
Model arm2
Model arm3
Model arm1
Root droid_rubbish2
Matrix:
1.000000 0.000000 0.000000 0.000000
0.000000 1.000000 0.000000 0.000000
0.000000 0.000000 1.000000 0.000000
0.000000 0.000000 0.000000 1.000000
Name: arm1
Parent: droid_rubbish2
Matrix:
1.000000 0.000000 0.000000 0.000000
0.000000 1.000000 0.000000 0.000000
0.000000 0.000000 1.000000 0.000000
0.000000 0.000000 0.000000 1.000000
Name: arm3
Parent: 
Sibling: arm1
Matrix:
1.000000 0.000000 0.000000 0.000000
0.000000 1.000000 0.000000 0.000000
0.000000 0.000000 1.000000 0.000000
0.000000 0.000000 0.000000 1.000000
Name: arm2
Parent: 
Sibling: arm3
Matrix:
1.000000 0.000000 0.000000 0.000000
0.000000 1.000000 0.000000 0.000000
0.000000 0.000000 1.000000 0.000000
0.000000 0.000000 0.000000 1.000000
Name: collision
Parent: 
Sibling: arm2
Matrix:
1.000000 0.000000 0.000000 0.000000
0.000000 1.000000 0.000000 0.000000
0.000000 0.000000 1.000000 0.000000
0.000000 0.000000 0.000000 1.000000
Name: arm5
Parent: 
Sibling: collision
Matrix:
1.000000 0.000000 0.000000 0.000000
0.000000 1.000000 0.000000 0.000000
0.000000 0.000000 1.000000 0.000000
0.000000 0.000000 0.000000 1.000000
Name: arm4
Parent: 
Sibling: arm5
Matrix:
1.000000 0.000000 0.000000 0.000000
0.000000 1.000000 0.000000 0.000000
0.000000 0.000000 1.000000 0.000000
0.000000 0.000000 0.000000 1.000000
Name: arm
Parent: 
Sibling: arm4
Matrix:
1.000000 0.000000 0.000000 0.000000
0.000000 1.000000 0.000000 0.000000
0.000000 0.000000 1.000000 0.000000
0.000000 0.000000 0.000000 1.000000
Name: droid_rubbish2_lowrez
Parent: 
Sibling: arm
Matrix:
1.000000 0.000000 0.000000 0.000000
0.000000 1.000000 0.000000 0.000000
0.000000 0.000000 1.000000 0.000000
0.000000 0.000000 0.000000 1.000000
Name: rubbish1
Parent: 
Sibling: droid_rubbish2_lowrez
Matrix:
1.000000 0.000000 0.000000 0.000000
0.000000 1.000000 0.000000 0.000000
0.000000 0.000000 1.000000 0.000000
0.000000 0.000000 0.000000 1.000000
Name: p_collision2
Parent: rubbish1
Matrix:
1.000000 0.000000 0.000000 0.000000
0.000000 1.000000 0.000000 0.000000
0.000000 0.000000 1.000000 0.000000
0.000000 0.000000 0.000000 1.000000
Name: rubbish
Parent: 
Sibling: rubbish1
Matrix:
1.000000 0.000000 0.000000 0.000000
0.000000 1.000000 0.000000 0.000000
0.000000 0.000000 1.000000 0.000000
0.000000 0.000000 0.000000 1.000000
Name: p_collision3
Parent: rubbish
Matrix:
1.000000 0.000000 0.000000 0.000000
0.000000 1.000000 0.000000 0.000000
0.000000 0.000000 1.000000 0.000000
0.000000 0.000000 0.000000 1.000000
Mesh: tat1_prop_rock1
Model tat1_prop_rock1
Model tat1_prop_rock1_lowrez
Model p_collision1
Model p_collision
Model shadowvolume
Root tat1_prop_rock1
Matrix:
1.000000 0.000000 0.000000 0.000000
0.000000 1.000000 0.000000 0.000000
0.000000 0.000000 1.000000 0.000000
0.000000 0.000000 0.000000 1.000000
Name: shadowvolume
Parent: tat1_prop_rock1
Matrix:
1.000000 0.000000 0.000000 0.000000
0.000000 1.000000 0.000000 0.000000
0.000000 0.000000 1.000000 0.000000
0.000000 0.000000 0.000000 1.000000
Name: p_collision
Parent: 
Sibling: shadowvolume
Matrix:
1.000000 0.000000 0.000000 0.000000
0.000000 1.000000 0.000000 0.000000
0.000000 0.000000 1.000000 0.000000
-0.437928 1.996462 -0.226888 1.000000
Name: p_collision1
Parent: 
Sibling: p_collision
Matrix:
0.604083 -0.166673 -0.779297 0.000000
-0.259446 0.883479 -0.390068 0.000000
0.753507 0.437818 0.490452 0.000000
2.219127 3.110767 0.984470 1.000000
Name: tat1_prop_rock1_lowrez
Parent: 
Sibling: p_collision1
Matrix:
1.000000 0.000000 0.000000 0.000000
0.000000 1.000000 0.000000 0.000000
0.000000 0.000000 1.000000 0.000000
0.000000 0.000000 0.000000 1.000000
Mesh: tat1_prop_rock1a
Model boulder
Model collision_04
Model boulder_lowrez
Model shadowvolume2
Root boulder
Matrix:
1.000000 0.000000 0.000000 0.000000
0.000000 1.000000 0.000000 0.000000
0.000000 0.000000 1.000000 0.000000
0.000000 0.000000 0.000000 1.000000
Name: shadowvolume2
Parent: boulder
Matrix:
1.000000 0.000000 0.000000 0.000000
0.000000 1.000000 0.000000 0.000000
0.000000 0.000000 1.000000 0.000000
0.000000 0.000000 0.000000 1.000000
Name: boulder_lowrez
Parent: 
Sibling: shadowvolume2
Matrix:
1.000000 0.000000 0.000000 0.000000
0.000000 1.000000 0.000000 0.000000
0.000000 0.000000 1.000000 0.000000
0.000000 0.000000 0.000000 1.000000
Name: collision_04
Parent: 
Sibling: boulder_lowrez
Matrix:
1.000000 0.000000 0.000000 0.000000
0.000000 1.000000 0.000000 0.000000
0.000000 0.000000 1.000000 0.000000
0.000000 0.000000 0.000000 1.000000
Mesh: tat1_prop_rock2
Model tat1_prop_rock2
Model tat1_prop_rock2_lowrez
Model p_collision1
Model p_collision
Model p_collision3
Model p_collision2
Model p_collision5
Model p_collision4
Model shadowvolume
Root tat1_prop_rock2
Matrix:
1.000000 0.000000 0.000000 0.000000
0.000000 1.000000 0.000000 0.000000
0.000000 0.000000 1.000000 0.000000
0.000000 0.000000 0.000000 1.000000
Name: shadowvolume
Parent: tat1_prop_rock2
Matrix:
1.000000 0.000000 0.000000 0.000000
0.000000 1.000000 0.000000 0.000000
0.000000 0.000000 1.000000 0.000000
0.000000 0.000000 0.000000 1.000000
Name: p_collision4
Parent: 
Sibling: shadowvolume
Matrix:
0.388496 0.862116 0.325310 0.000000
-0.661099 0.506711 -0.553347 0.000000
-0.641887 -0.000089 0.766799 0.000000
0.195566 -4.413190 -0.256349 1.000000
Name: p_collision5
Parent: 
Sibling: p_collision4
Matrix:
0.993564 0.113271 0.000000 0.000000
-0.113271 0.993564 0.000000 0.000000
0.000000 0.000000 1.000000 0.000000
-3.155022 -0.530969 -1.486896 1.000000
Name: p_collision2
Parent: 
Sibling: p_collision5
Matrix:
-0.696994 0.188861 0.691759 0.000000
0.070151 0.978024 -0.196334 0.000000
-0.713637 -0.088317 -0.694926 0.000000
-2.094376 -1.293712 1.655883 1.000000
Name: p_collision3
Parent: 
Sibling: p_collision2
Matrix:
0.763951 0.088875 0.639124 0.000000
-0.068050 0.996043 -0.057167 0.000000
-0.641676 0.000180 0.766976 0.000000
-0.315748 2.798021 -0.864022 1.000000
Name: p_collision
Parent: 
Sibling: p_collision3
Matrix:
1.000000 0.000000 0.000000 0.000000
0.000000 1.000000 0.000000 0.000000
0.000000 0.000000 1.000000 0.000000
-0.264284 -0.302752 -0.626140 1.000000
Name: p_collision1
Parent: 
Sibling: p_collision
Matrix:
0.763951 0.088875 0.639124 0.000000
-0.068050 0.996043 -0.057167 0.000000
-0.641676 0.000180 0.766976 0.000000
3.544872 -1.609424 2.067490 1.000000
Name: tat1_prop_rock2_lowrez
Parent: 
Sibling: p_collision1
Matrix:
1.000000 0.000000 0.000000 0.000000
0.000000 1.000000 0.000000 0.000000
0.000000 0.000000 1.000000 0.000000
0.000000 0.000000 0.000000 1.000000
Mesh: tat1_prop_rock3
Model tat1_prop_rock3
Model tat1_prop_rock3_lowrez
Model p_collision
Model p_collision3
Model p_collision5
Model p_collision4
Model shadowvolume
Root tat1_prop_rock3
Matrix:
1.000000 0.000000 0.000000 0.000000
0.000000 1.000000 0.000000 0.000000
0.000000 0.000000 1.000000 0.000000
0.000000 0.000000 0.000000 1.000000
Name: shadowvolume
Parent: tat1_prop_rock3
Matrix:
1.000000 0.000000 0.000000 0.000000
0.000000 1.000000 0.000000 0.000000
0.000000 0.000000 1.000000 0.000000
0.022357 -0.109762 -0.003680 1.000000
Name: p_collision4
Parent: 
Sibling: shadowvolume
Matrix:
0.998912 -0.042164 -0.019940 0.000000
0.041110 0.997873 -0.050590 0.000000
0.022031 0.049715 0.998520 0.000000
-1.246648 2.888402 -1.450685 1.000000
Name: p_collision5
Parent: 
Sibling: p_collision4
Matrix:
0.156911 -0.036629 0.986933 0.000000
0.214035 0.976823 0.002224 0.000000
-0.964141 0.210890 0.161114 0.000000
2.258544 -3.209052 0.714297 1.000000
Name: p_collision3
Parent: 
Sibling: p_collision5
Matrix:
0.996507 0.083505 -0.000000 0.000000
-0.081975 0.978244 0.190575 0.000000
0.015914 -0.189909 0.981673 0.000000
-1.418638 3.557941 2.665013 1.000000
Name: p_collision
Parent: 
Sibling: p_collision3
Matrix:
1.000000 0.000000 0.000000 0.000000
0.000000 1.000000 0.000000 0.000000
0.000000 0.000000 1.000000 0.000000
0.000000 -1.021035 0.000000 1.000000
Name: tat1_prop_rock3_lowrez
Parent: 
Sibling: p_collision
Matrix:
1.000000 0.000000 0.000000 0.000000
0.000000 1.000000 0.000000 0.000000
0.000000 0.000000 1.000000 0.000000
0.000000 0.000000 0.000000 1.000000
Mesh: tat1_prop_stones
Model polymsh
Root polymsh
Matrix:
1.000000 0.000000 0.000000 0.000000
0.000000 1.000000 0.000000 0.000000
0.000000 0.000000 1.000000 0.000000
0.000000 0.000000 0.000000 1.000000
Mesh: tat1_prop_tuskbarrier
Model barrier
Model grid1
Model collision
Model support1
Model support2
Model support3
Model support4
Model shadowvolume5
Model shadowvolume4
Model shadowvolume1
Model shadowvolume3
Model shadowvolume2
Root barrier
Matrix:
1.000000 0.000000 0.000000 0.000000
0.000000 1.000000 0.000000 0.000000
0.000000 0.000000 1.000000 0.000000
0.000000 0.000000 0.000000 1.000000
Name: shadowvolume2
Parent: barrier
Matrix:
0.999216 -0.039105 -0.006136 0.000000
0.039577 0.989800 0.136857 0.000000
0.000722 -0.136993 0.990572 0.000000
-1.039212 0.024601 -0.107335 1.000000
Name: shadowvolume3
Parent: 
Sibling: shadowvolume2
Matrix:
0.999686 0.019172 -0.016106 0.000000
-0.021702 0.984245 -0.175471 0.000000
0.012488 0.175766 0.984353 0.000000
-1.037654 0.019692 0.136586 1.000000
Name: shadowvolume1
Parent: 
Sibling: shadowvolume3
Matrix:
1.000000 0.000000 0.000000 0.000000
0.000000 1.000000 0.000000 0.000000
0.000000 0.000000 1.000000 0.000000
0.000000 0.000000 0.000000 1.000000
Name: shadowvolume4
Parent: 
Sibling: shadowvolume1
Matrix:
0.999809 -0.019173 -0.003835 0.000000
0.019517 0.990398 0.136859 0.000000
0.001174 -0.136908 0.990583 0.000000
1.064211 -0.001335 -0.112559 1.000000
Name: shadowvolume5
Parent: 
Sibling: shadowvolume4
Matrix:
0.999066 0.039100 -0.018407 0.000000
-0.041246 0.989839 -0.136077 0.000000
0.012899 0.136709 0.990527 0.000000
1.067373 0.001458 0.111608 1.000000
Name: support4
Parent: 
Sibling: shadowvolume5
Matrix:
0.999216 -0.039105 -0.006136 0.000000
0.039577 0.989800 0.136857 0.000000
0.000722 -0.136993 0.990572 0.000000
-1.039212 0.024601 -0.107335 1.000000
Name: support3
Parent: 
Sibling: support4
Matrix:
0.999686 0.019172 -0.016106 0.000000
-0.021702 0.984245 -0.175471 0.000000
0.012488 0.175766 0.984353 0.000000
-1.037654 0.019692 0.136586 1.000000
Name: support2
Parent: 
Sibling: support3
Matrix:
0.999066 0.039100 -0.018407 0.000000
-0.041246 0.989839 -0.136077 0.000000
0.012899 0.136709 0.990527 0.000000
1.067373 0.001458 0.111608 1.000000
Name: support1
Parent: 
Sibling: support2
Matrix:
0.999809 -0.019173 -0.003835 0.000000
0.019517 0.990398 0.136859 0.000000
0.001174 -0.136908 0.990583 0.000000
1.064211 -0.001335 -0.112559 1.000000
Name: collision
Parent: 
Sibling: support1
Matrix:
1.000000 0.000000 0.000000 0.000000
0.000000 1.000000 0.000000 0.000000
0.000000 0.000000 1.000000 0.000000
0.000000 0.000000 0.000000 1.000000
Name: grid1
Parent: 
Sibling: collision
Matrix:
1.000000 0.000000 0.000000 0.000000
0.000000 1.000000 0.000000 0.000000
0.000000 0.000000 1.000000 0.000000
0.000000 0.000000 0.000000 1.000000
Mesh: tat1_prop_tuskbowls
Model bowls
Model box
Model shadowvolume5
Model shadowvolume6
Root bowls
Matrix:
1.000000 0.000000 0.000000 0.000000
0.000000 1.000000 0.000000 0.000000
0.000000 0.000000 1.000000 0.000000
0.000000 0.000000 0.000000 1.000000
Name: shadowvolume6
Parent: bowls
Matrix:
1.000000 0.000000 0.000000 0.000000
0.000000 1.000000 0.000000 0.000000
0.000000 0.000000 1.000000 0.000000
0.000000 0.000000 0.000000 1.000000
Name: box
Parent: 
Sibling: shadowvolume6
Matrix:
0.899681 0.000000 0.436547 0.000000
0.000000 1.000000 0.000000 0.000000
-0.436547 0.000000 0.899681 0.000000
-0.720088 0.000000 0.068801 1.000000
Name: shadowvolume5
Parent: box
Matrix:
1.000000 0.000000 0.000000 0.000000
0.000000 1.000000 0.000000 0.000000
0.000000 0.000000 1.000000 0.000000
0.000000 0.000000 0.000000 1.000000
Mesh: tat1_prop_tuskcampfire
Model soot
Model hp_light_a
Model hp_smoke
Model rock
Model rock3
Model rock2
Model rock1
Model rock7
Model rock6
Model rock5
Model rock4
Model rock8
Model log_ember1
Model log_ember2
Model log_ember3
Model log_ember4
Root soot
Matrix:
1.000000 0.000000 0.000000 0.000000
0.000000 1.000000 0.000000 0.000000
0.000000 0.000000 1.000000 0.000000
0.000000 0.000000 0.000000 1.000000
Name: log_ember4
Parent: soot
Matrix:
-0.865657 -0.129766 -0.483527 0.000000
0.486009 0.013946 -0.873843 0.000000
0.120138 -0.991447 0.050995 0.000000
0.024469 0.042048 -0.169365 1.000000
Name: log_ember3
Parent: 
Sibling: log_ember4
Matrix:
-0.019426 -0.268968 -0.962953 0.000000
0.916055 0.381099 -0.124926 0.000000
0.400582 -0.884545 0.238986 0.000000
0.088015 0.062544 -0.073449 1.000000
Name: log_ember2
Parent: 
Sibling: log_ember3
Matrix:
0.345569 0.487486 0.801835 0.000000
-0.926943 0.310406 0.210772 0.000000
-0.146146 -0.816091 0.559139 0.000000
-0.104326 0.054507 -0.016719 1.000000
Name: log_ember1
Parent: 
Sibling: log_ember2
Matrix:
0.993049 -0.113212 0.032208 0.000000
-0.000270 0.271446 0.962454 0.000000
-0.117704 -0.955772 0.269528 0.000000
0.009481 0.080203 0.098891 1.000000
Name: rock8
Parent: 
Sibling: log_ember1
Matrix:
-0.664138 0.000000 0.747610 0.000000
0.000000 1.000000 0.000000 0.000000
-0.747610 0.000000 -0.664138 0.000000
-0.099461 0.015433 0.126479 1.000000
Name: rock4
Parent: 
Sibling: rock8
Matrix:
0.916065 0.000000 -0.401030 0.000000
0.000000 1.000000 0.000000 0.000000
0.401030 0.000000 0.916065 0.000000
-0.212462 0.037010 -0.031129 1.000000
Name: rock5
Parent: 
Sibling: rock4
Matrix:
-0.721066 0.000000 -0.692866 0.000000
0.000000 1.000000 0.000000 0.000000
0.692866 0.000000 -0.721066 0.000000
-0.106762 0.058674 -0.256020 1.000000
Name: rock6
Parent: 
Sibling: rock5
Matrix:
0.039107 0.000000 -0.999235 0.000000
0.000000 1.000000 0.000000 0.000000
0.999235 0.000000 0.039107 0.000000
0.054623 0.045888 -0.262961 1.000000
Name: rock7
Parent: 
Sibling: rock6
Matrix:
0.692866 0.000000 -0.721066 0.000000
0.000000 1.000000 0.000000 0.000000
0.721066 0.000000 0.692866 0.000000
0.202977 0.037416 -0.206160 1.000000
Name: rock1
Parent: 
Sibling: rock7
Matrix:
0.872346 0.000000 0.488889 0.000000
0.000000 1.000000 0.000000 0.000000
-0.488889 0.000000 0.872346 0.000000
0.169367 0.036612 0.103863 1.000000
Name: rock2
Parent: 
Sibling: rock1
Matrix:
-0.117842 0.000000 -0.993032 0.000000
0.000000 1.000000 0.000000 0.000000
0.993032 0.000000 -0.117842 0.000000
0.098005 0.056326 0.162013 1.000000
Name: rock3
Parent: 
Sibling: rock2
Matrix:
-0.664138 0.000000 0.747610 0.000000
0.000000 1.000000 0.000000 0.000000
-0.747610 0.000000 -0.664138 0.000000
-0.233583 0.050293 0.053632 1.000000
Name: rock
Parent: 
Sibling: rock3
Matrix:
-0.999801 0.000000 0.019941 0.000000
0.000000 1.000000 0.000000 0.000000
-0.019941 0.000000 -0.999801 0.000000
0.241729 0.053869 -0.099700 1.000000
Name: hp_smoke
Parent: 
Sibling: rock
Matrix:
1.000000 0.000000 0.000000 0.000000
0.000000 1.000000 0.000000 0.000000
0.000000 0.000000 1.000000 0.000000
0.000000 0.232870 0.000000 1.000000
Name: hp_light_a
Parent: 
Sibling: hp_smoke
Matrix:
1.000000 0.000000 0.000000 0.000000
0.000000 1.000000 0.000000 0.000000
0.000000 0.000000 1.000000 0.000000
0.000000 0.582175 0.000000 1.000000
Mesh: tat1_prop_tuskcampfire1
Model bowls
Model box
Root bowls
Matrix:
1.000000 0.000000 0.000000 0.000000
0.000000 1.000000 0.000000 0.000000
0.000000 0.000000 1.000000 0.000000
0.000000 0.000000 0.000000 1.000000
Name: box
Parent: bowls
Matrix:
0.899681 0.000000 0.436547 0.000000
0.000000 1.000000 0.000000 0.000000
-0.436547 0.000000 0.899681 0.000000
-0.720088 -0.350000 0.068801 1.000000
Mesh: tat1_prop_tuskcarrier
Model carrier_null
Model cylinder2
Model pack
Model cylinder3
Model cylinder1
Model shadowvolume10
Model shadowvolume11
Model shadowvolume8
Model shadowvolume9
Root carrier_null
Matrix:
1.000000 0.000000 0.000000 0.000000
0.000000 1.000000 0.000000 0.000000
0.000000 0.000000 1.000000 0.000000
0.000000 0.000000 0.000000 1.000000
Name: shadowvolume9
Parent: carrier_null
Matrix:
0.976700 -0.214609 0.000000 0.000000
0.214609 0.976700 0.000000 0.000000
0.000000 0.000000 1.000000 0.000000
0.000000 0.414550 -0.000169 1.000000
Name: shadowvolume8
Parent: 
Sibling: shadowvolume9
Matrix:
0.000000 0.000000 -1.000000 0.000000
-0.214609 0.976700 0.000000 0.000000
0.976700 0.214609 0.000000 0.000000
0.000000 0.414550 -0.000169 1.000000
Name: shadowvolume11
Parent: 
Sibling: shadowvolume8
Matrix:
1.000000 0.000000 0.000000 0.000000
0.000000 1.000000 0.000000 0.000000
0.000000 0.000000 1.000000 0.000000
-0.000000 0.974165 -0.079994 1.000000
Name: shadowvolume10
Parent: 
Sibling: shadowvolume11
Matrix:
0.000000 1.000000 0.000000 0.000000
-1.000000 0.000000 0.000000 0.000000
0.000000 0.000000 1.000000 0.000000
0.006514 1.078993 -0.021073 1.000000
Name: cylinder1
Parent: 
Sibling: shadowvolume10
Matrix:
0.976700 -0.214609 0.000000 0.000000
0.214609 0.976700 0.000000 0.000000
0.000000 0.000000 1.000000 0.000000
0.000000 0.414550 -0.000169 1.000000
Name: cylinder3
Parent: 
Sibling: cylinder1
Matrix:
0.000000 0.000000 -1.000000 0.000000
-0.214609 0.976700 0.000000 0.000000
0.976700 0.214609 0.000000 0.000000
0.000000 0.414550 -0.000169 1.000000
Name: cylinder2
Parent: 
Sibling: cylinder3
Matrix:
0.000000 1.000000 0.000000 0.000000
-1.000000 0.000000 0.000000 0.000000
0.000000 0.000000 1.000000 0.000000
0.006514 1.078993 -0.021073 1.000000
Name: pack
Parent: cylinder2
Matrix:
0.000000 -1.000000 0.000000 0.000000
1.000000 0.000000 0.000000 0.000000
0.000000 0.000000 1.000000 0.000000
-0.104828 0.006514 -0.058921 1.000000
   0 Errors    0 Warnings

